# JRE version: Java(TM) SE Runtime Environment (14.0.2+12) (build 14.0.2+12-46)
# Java VM: Java HotSpot(TM) 64-Bit Server VM (14.0.2+12-46, mixed mode, sharing, tiered, compressed oops, g1 gc, windows-amd64)
Heap:
 garbage-first heap   total 65536K, used 48960K [0x0000000702400000, 0x0000000800000000)
  region size 1024K, 20 young (20480K), 1 survivors (1024K)
 Metaspace       used 68988K, capacity 70748K, committed 71020K, reserved 1112064K
  class space    used 8790K, capacity 9462K, committed 9472K, reserved 1048576K
GC Heap History (20 events):
Event: 15.978 GC heap before
{Heap before GC invocations=40 (full 0):
 garbage-first heap   total 65536K, used 54029K [0x0000000702400000, 0x0000000800000000)
  region size 1024K, 26 young (26624K), 2 survivors (2048K)
 Metaspace       used 68971K, capacity 70768K, committed 71020K, reserved 1112064K
  class space    used 8788K, capacity 9469K, committed 9472K, reserved 1048576K
}
Event: 15.980 GC heap after
{Heap after GC invocations=41 (full 0):
 garbage-first heap   total 65536K, used 30454K [0x0000000702400000, 0x0000000800000000)
  region size 1024K, 2 young (2048K), 2 survivors (2048K)
 Metaspace       used 68971K, capacity 70768K, committed 71020K, reserved 1112064K
  class space    used 8788K, capacity 9469K, committed 9472K, reserved 1048576K
}
Event: 16.631 GC heap before
{Heap before GC invocations=42 (full 0):
 garbage-first heap   total 65536K, used 55030K [0x0000000702400000, 0x0000000800000000)
  region size 1024K, 26 young (26624K), 2 survivors (2048K)
 Metaspace       used 68973K, capacity 70768K, committed 71020K, reserved 1112064K
  class space    used 8789K, capacity 9469K, committed 9472K, reserved 1048576K
}
Event: 16.634 GC heap after
{Heap after GC invocations=43 (full 0):
 garbage-first heap   total 65536K, used 30463K [0x0000000702400000, 0x0000000800000000)
  region size 1024K, 1 young (1024K), 1 survivors (1024K)
 Metaspace       used 68973K, capacity 70768K, committed 71020K, reserved 1112064K
  class space    used 8789K, capacity 9469K, committed 9472K, reserved 1048576K
}
Event: 17.304 GC heap before
{Heap before GC invocations=43 (full 0):
 garbage-first heap   total 65536K, used 55039K [0x0000000702400000, 0x0000000800000000)
  region size 1024K, 26 young (26624K), 1 survivors (1024K)
 Metaspace       used 68973K, capacity 70768K, committed 71020K, reserved 1112064K
  class space    used 8789K, capacity 9469K, committed 9472K, reserved 1048576K
}
Event: 17.307 GC heap after
{Heap after GC invocations=44 (full 0):
 garbage-first heap   total 65536K, used 30480K [0x0000000702400000, 0x0000000800000000)
  region size 1024K, 1 young (1024K), 1 survivors (1024K)
 Metaspace       used 68973K, capacity 70768K, committed 71020K, reserved 1112064K
  class space    used 8789K, capacity 9469K, committed 9472K, reserved 1048576K
}
Event: 17.993 GC heap before
{Heap before GC invocations=45 (full 0):
 garbage-first heap   total 65536K, used 55056K [0x0000000702400000, 0x0000000800000000)
  region size 1024K, 25 young (25600K), 1 survivors (1024K)
 Metaspace       used 68961K, capacity 70748K, committed 71020K, reserved 1112064K
  class space    used 8785K, capacity 9462K, committed 9472K, reserved 1048576K
}
Event: 17.995 GC heap after
{Heap after GC invocations=46 (full 0):
 garbage-first heap   total 65536K, used 30490K [0x0000000702400000, 0x0000000800000000)
  region size 1024K, 1 young (1024K), 1 survivors (1024K)
 Metaspace       used 68961K, capacity 70748K, committed 71020K, reserved 1112064K
  class space    used 8785K, capacity 9462K, committed 9472K, reserved 1048576K
}
Event: 18.700 GC heap before
{Heap before GC invocations=46 (full 0):
 garbage-first heap   total 65536K, used 54042K [0x0000000702400000, 0x0000000800000000)
  region size 1024K, 25 young (25600K), 1 survivors (1024K)
 Metaspace       used 68961K, capacity 70748K, committed 71020K, reserved 1112064K
  class space    used 8785K, capacity 9462K, committed 9472K, reserved 1048576K
}
Event: 18.701 GC heap after
{Heap after GC invocations=47 (full 0):
 garbage-first heap   total 65536K, used 30489K [0x0000000702400000, 0x0000000800000000)
  region size 1024K, 1 young (1024K), 1 survivors (1024K)
 Metaspace       used 68961K, capacity 70748K, committed 71020K, reserved 1112064K
  class space    used 8785K, capacity 9462K, committed 9472K, reserved 1048576K
}
Event: 19.394 GC heap before
{Heap before GC invocations=48 (full 0):
 garbage-first heap   total 65536K, used 54041K [0x0000000702400000, 0x0000000800000000)
  region size 1024K, 25 young (25600K), 1 survivors (1024K)
 Metaspace       used 68962K, capacity 70748K, committed 71020K, reserved 1112064K
  class space    used 8786K, capacity 9462K, committed 9472K, reserved 1048576K
}
Event: 19.395 GC heap after
{Heap after GC invocations=49 (full 0):
 garbage-first heap   total 65536K, used 30485K [0x0000000702400000, 0x0000000800000000)
  region size 1024K, 1 young (1024K), 1 survivors (1024K)
 Metaspace       used 68962K, capacity 70748K, committed 71020K, reserved 1112064K
  class space    used 8786K, capacity 9462K, committed 9472K, reserved 1048576K
}
Event: 20.229 GC heap before
{Heap before GC invocations=49 (full 0):
 garbage-first heap   total 65536K, used 55061K [0x0000000702400000, 0x0000000800000000)
  region size 1024K, 25 young (25600K), 1 survivors (1024K)
 Metaspace       used 68962K, capacity 70748K, committed 71020K, reserved 1112064K
  class space    used 8786K, capacity 9462K, committed 9472K, reserved 1048576K
}
Event: 20.231 GC heap after
{Heap after GC invocations=50 (full 0):
 garbage-first heap   total 65536K, used 30499K [0x0000000702400000, 0x0000000800000000)
  region size 1024K, 1 young (1024K), 1 survivors (1024K)
 Metaspace       used 68962K, capacity 70748K, committed 71020K, reserved 1112064K
  class space    used 8786K, capacity 9462K, committed 9472K, reserved 1048576K
}
Event: 21.197 GC heap before
{Heap before GC invocations=51 (full 0):
 garbage-first heap   total 65536K, used 55075K [0x0000000702400000, 0x0000000800000000)
  region size 1024K, 25 young (25600K), 1 survivors (1024K)
 Metaspace       used 68963K, capacity 70748K, committed 71020K, reserved 1112064K
  class space    used 8786K, capacity 9462K, committed 9472K, reserved 1048576K
}
Event: 21.198 GC heap after
{Heap after GC invocations=52 (full 0):
 garbage-first heap   total 65536K, used 30518K [0x0000000702400000, 0x0000000800000000)
  region size 1024K, 1 young (1024K), 1 survivors (1024K)
 Metaspace       used 68963K, capacity 70748K, committed 71020K, reserved 1112064K
  class space    used 8786K, capacity 9462K, committed 9472K, reserved 1048576K
}
Event: 21.906 GC heap before
{Heap before GC invocations=52 (full 0):
 garbage-first heap   total 65536K, used 54070K [0x0000000702400000, 0x0000000800000000)
  region size 1024K, 25 young (25600K), 1 survivors (1024K)
 Metaspace       used 68985K, capacity 70748K, committed 71020K, reserved 1112064K
  class space    used 8789K, capacity 9462K, committed 9472K, reserved 1048576K
}
Event: 21.907 GC heap after
{Heap after GC invocations=53 (full 0):
 garbage-first heap   total 65536K, used 30528K [0x0000000702400000, 0x0000000800000000)
  region size 1024K, 1 young (1024K), 1 survivors (1024K)
 Metaspace       used 68985K, capacity 70748K, committed 71020K, reserved 1112064K
  class space    used 8789K, capacity 9462K, committed 9472K, reserved 1048576K
}
Event: 22.658 GC heap before
{Heap before GC invocations=54 (full 0):
 garbage-first heap   total 65536K, used 55104K [0x0000000702400000, 0x0000000800000000)
  region size 1024K, 25 young (25600K), 1 survivors (1024K)
 Metaspace       used 68985K, capacity 70748K, committed 71020K, reserved 1112064K
  class space    used 8789K, capacity 9462K, committed 9472K, reserved 1048576K
}
Event: 22.659 GC heap after
{Heap after GC invocations=55 (full 0):
 garbage-first heap   total 65536K, used 30528K [0x0000000702400000, 0x0000000800000000)
  region size 1024K, 1 young (1024K), 1 survivors (1024K)
 Metaspace       used 68985K, capacity 70748K, committed 71020K, reserved 1112064K
  class space    used 8789K, capacity 9462K, committed 9472K, reserved 1048576K
}

